<?xml version="1.0" encoding="UTF-8"?>
<!-- Generated by org.testng.reporters.JUnitXMLReporter -->
<testsuite hostname="ACP-PC" ignored="1" name="Login" tests="3" failures="0" timestamp="23 May 2020 00:14:58 GMT" time="0.088" errors="0">
  <testcase name="Login01" time="0.017" classname="TestNgPackage.Login"/>
  <testcase name="Login03" time="0.006" classname="TestNgPackage.Login"/>
  <testcase name="Login04" time="0.002" classname="TestNgPackage.Login"/>
  <testcase name="Login02" time="0.0" classname="TestNgPackage.Login">
    <ignored/>
  </testcase> <!-- Login02 -->
</testsuite> <!-- Login -->
