<?xml version="1.0" encoding="UTF-8"?>
<!-- Generated by org.testng.reporters.JUnitXMLReporter -->
<testsuite hostname="ACP-PC" ignored="1" name="Home" tests="3" failures="0" timestamp="15 Jun 2020 05:30:29 GMT" time="0.005" errors="0">
  <testcase name="Home02" time="0.0" classname="TestNgPackage.Home"/>
  <testcase name="Home03" time="0.001" classname="TestNgPackage.Home"/>
  <testcase name="Home04" time="0.0" classname="TestNgPackage.Home"/>
  <testcase name="Home01" time="0.0" classname="TestNgPackage.Home">
    <ignored/>
  </testcase> <!-- Home01 -->
</testsuite> <!-- Home -->
