<?xml version="1.0" encoding="UTF-8"?>
<testng-results skipped="0" failed="0" total="3" passed="3">
  <reporter-output>
  </reporter-output>
  <suite name="RegressionSuite_Group" duration-ms="105" started-at="2020-06-14T08:05:09Z" finished-at="2020-06-14T08:05:09Z">
    <groups>
      <group name="RegrssnGroup">
        <method signature="TestCase_LoginGroup.Login02()[pri:0, instance:TestNgPackage.TestCase_LoginGroup@28f67ac7]" name="Login02" class="TestNgPackage.TestCase_LoginGroup"/>
        <method signature="TestCase_HomeGroup.Home02()[pri:0, instance:TestNgPackage.TestCase_HomeGroup@58ceff1]" name="Home02" class="TestNgPackage.TestCase_HomeGroup"/>
        <method signature="TestCase_HomeGroup.Home03()[pri:0, instance:TestNgPackage.TestCase_HomeGroup@58ceff1]" name="Home03" class="TestNgPackage.TestCase_HomeGroup"/>
      </group> <!-- RegrssnGroup -->
      <group name="SanityGroup">
        <method signature="TestCase_HomeGroup.Home03()[pri:0, instance:TestNgPackage.TestCase_HomeGroup@58ceff1]" name="Home03" class="TestNgPackage.TestCase_HomeGroup"/>
      </group> <!-- SanityGroup -->
    </groups>
    <test name="LoginPage" duration-ms="37" started-at="2020-06-14T08:05:09Z" finished-at="2020-06-14T08:05:09Z">
      <class name="TestNgPackage.TestCase_LoginGroup">
        <test-method status="PASS" signature="Login02()[pri:0, instance:TestNgPackage.TestCase_LoginGroup@28f67ac7]" name="Login02" duration-ms="15" started-at="2020-06-14T01:05:09Z" finished-at="2020-06-14T01:05:09Z">
          <reporter-output>
          </reporter-output>
        </test-method> <!-- Login02 -->
      </class> <!-- TestNgPackage.TestCase_LoginGroup -->
    </test> <!-- LoginPage -->
    <test name="HomePage" duration-ms="10" started-at="2020-06-14T08:05:09Z" finished-at="2020-06-14T08:05:09Z">
      <class name="TestNgPackage.TestCase_HomeGroup">
        <test-method status="PASS" signature="Home02()[pri:0, instance:TestNgPackage.TestCase_HomeGroup@58ceff1]" name="Home02" duration-ms="2" started-at="2020-06-14T01:05:09Z" finished-at="2020-06-14T01:05:09Z">
          <reporter-output>
          </reporter-output>
        </test-method> <!-- Home02 -->
        <test-method status="PASS" signature="Home03()[pri:0, instance:TestNgPackage.TestCase_HomeGroup@58ceff1]" name="Home03" duration-ms="2" started-at="2020-06-14T01:05:09Z" finished-at="2020-06-14T01:05:09Z">
          <reporter-output>
          </reporter-output>
        </test-method> <!-- Home03 -->
      </class> <!-- TestNgPackage.TestCase_HomeGroup -->
    </test> <!-- HomePage -->
  </suite> <!-- RegressionSuite_Group -->
</testng-results>
