<?xml version="1.0" encoding="UTF-8"?>
<!-- Generated by org.testng.reporters.JUnitXMLReporter -->
<testsuite hostname="ACP-PC" ignored="0" name="HomeTest" tests="3" failures="0" timestamp="23 May 2020 05:04:03 GMT" time="0.08" errors="0">
  <testcase name="Home01" time="0.018" classname="TestNgPackage.TestCase_HomeGroup"/>
  <testcase name="Home02" time="0.002" classname="TestNgPackage.TestCase_HomeGroup"/>
  <testcase name="Home03" time="0.002" classname="TestNgPackage.TestCase_HomeGroup"/>
</testsuite> <!-- HomeTest -->
