<?xml version="1.0" encoding="UTF-8"?>
<!-- Generated by org.testng.reporters.JUnitXMLReporter -->
<testsuite hostname="ACP-PC" ignored="4" tests="0" failures="0" timestamp="23 May 2020 01:28:03 GMT" time="0.002" errors="0">
  <testcase name="Home03" time="0.0" classname="TestNgPackage.Home">
    <ignored/>
  </testcase> <!-- Home03 -->
  <testcase name="Home01" time="0.0" classname="TestNgPackage.Home">
    <ignored/>
  </testcase> <!-- Home01 -->
  <testcase name="Home04" time="0.0" classname="TestNgPackage.Home">
    <ignored/>
  </testcase> <!-- Home04 -->
  <testcase name="Home02" time="0.0" classname="TestNgPackage.Home">
    <ignored/>
  </testcase> <!-- Home02 -->
</testsuite>
