<?xml version="1.0" encoding="UTF-8"?>
<!-- Generated by org.testng.reporters.JUnitXMLReporter -->
<testsuite hostname="ACP-PC" ignored="4" tests="0" failures="0" timestamp="23 May 2020 01:28:03 GMT" time="0.017" errors="0">
  <testcase name="Login02" time="0.0" classname="TestNgPackage.Login">
    <ignored/>
  </testcase> <!-- Login02 -->
  <testcase name="Login01" time="0.0" classname="TestNgPackage.Login">
    <ignored/>
  </testcase> <!-- Login01 -->
  <testcase name="Login04" time="0.0" classname="TestNgPackage.Login">
    <ignored/>
  </testcase> <!-- Login04 -->
  <testcase name="Login03" time="0.0" classname="TestNgPackage.Login">
    <ignored/>
  </testcase> <!-- Login03 -->
</testsuite>
